configure-iphone: IPHONESDK is not specified, choosing iPhoneSimulator14.4.sdk
configure-iphone: CC is not specified, choosing /Applications/Xcode_12.4.app/Contents/Developer/Platforms/iPhoneSimulator.platform/Developer/../../../Toolchains/XcodeDefault.xctoolchain/usr/bin/clang
configure-iphone: CXX is not specified, using /Applications/Xcode_12.4.app/Contents/Developer/Platforms/iPhoneSimulator.platform/Developer/../../../Toolchains/XcodeDefault.xctoolchain/usr/bin/clang++
configure-iphone: calling ./aconfigure with env vars:
 MIN_IOS = -miphoneos-version-min=10.0
 CC = /Applications/Xcode_12.4.app/Contents/Developer/Platforms/iPhoneSimulator.platform/Developer/../../../Toolchains/XcodeDefault.xctoolchain/usr/bin/clang
 CXX = /Applications/Xcode_12.4.app/Contents/Developer/Platforms/iPhoneSimulator.platform/Developer/../../../Toolchains/XcodeDefault.xctoolchain/usr/bin/clang++
 SDKPATH = /Applications/Xcode_12.4.app/Contents/Developer/Platforms/iPhoneSimulator.platform/Developer/SDKs/iPhoneSimulator14.4.sdk
 CFLAGS = -O2 -m32 -mios-simulator-version-min=10.0 -fembed-bitcode -I/Users/runner/work/sip-builder/sip-builder/pjsip/external/ssl/include -miphoneos-version-min=10.0 -DPJ_SDK_NAME="\"iPhoneSimulator14.4.sdk\"" -arch i386 -isysroot /Applications/Xcode_12.4.app/Contents/Developer/Platforms/iPhoneSimulator.platform/Developer/SDKs/iPhoneSimulator14.4.sdk
 LDFLAGS = -O2 -m32 -mios-simulator-version-min=10.0 -Wl,-no_compact_unwind -L/Users/runner/work/sip-builder/sip-builder/pjsip/external/ssl/lib -lstdc++ -miphoneos-version-min=10.0 -arch i386 -isysroot /Applications/Xcode_12.4.app/Contents/Developer/Platforms/iPhoneSimulator.platform/Developer/SDKs/iPhoneSimulator14.4.sdk -framework AudioToolbox -framework Foundation
 AR = /Applications/Xcode_12.4.app/Contents/Developer/Platforms/iPhoneSimulator.platform/Developer/../../../Toolchains/XcodeDefault.xctoolchain/usr/bin/libtool -static -o
 RANLIB = echo ranlib
 ARCH = i386
checking build system type... x86_64-apple-darwin19.6.0
checking host system type... i386-apple-darwin_ios
checking target system type... i386-apple-darwin_ios
checking for i386-apple-darwin_ios-gcc... /Applications/Xcode_12.4.app/Contents/Developer/Platforms/iPhoneSimulator.platform/Developer/../../../Toolchains/XcodeDefault.xctoolchain/usr/bin/clang
checking whether the C compiler works... no
aconfigure: error: in `/Users/runner/work/sip-builder/sip-builder/pjsip/src':
aconfigure: error: C compiler cannot create executables
See `config.log' for more details
for dir in pjlib/build pjlib-util/build pjnath/build third_party/build pjmedia/build pjsip/build pjsip-apps/build ; do \
		if /Applications/Xcode_12.4.app/Contents/Developer/usr/bin/make  -C $dir dep; then \
		    true; \
		else \
		    exit 1; \
		fi; \
	done
for dir in pjlib/build pjlib-util/build pjnath/build third_party/build pjmedia/build pjsip/build pjsip-apps/build ; do \
		if /Applications/Xcode_12.4.app/Contents/Developer/usr/bin/make  -C $dir clean; then \
		    true; \
		else \
		    exit 1; \
		fi; \
	done
/Applications/Xcode_12.4.app/Contents/Developer/usr/bin/make -f /Users/runner/work/sip-builder/sip-builder/pjsip/src/build/rules.mak APP=PJLIB app=pjlib depend
.pjlib-arm64-apple-darwin_ios.depend:891: *** missing separator.  Stop.
make[1]: *** [depend] Error 2
make: *** [dep] Error 1
/Applications/Xcode_12.4.app/Contents/Developer/usr/bin/make -f /Users/runner/work/sip-builder/sip-builder/pjsip/src/build/rules.mak APP=PJLIB app=pjlib clean
for dir in pjlib/build pjlib-util/build pjnath/build third_party/build pjmedia/build pjsip/build pjsip-apps/build ; do \
		if /Applications/Xcode_12.4.app/Contents/Developer/usr/bin/make  -C $dir all; then \
		    true; \
		else \
		    exit 1; \
		fi; \
	done
/Applications/Xcode_12.4.app/Contents/Developer/usr/bin/make -f /Users/runner/work/sip-builder/sip-builder/pjsip/src/build/rules.mak APP=PJLIB app=pjlib ../lib/libpj-arm64-apple-darwin_ios.a
.pjlib-arm64-apple-darwin_ios.depend:891: *** missing separator.  Stop.
make[1]: *** [libpj-arm64-apple-darwin_ios.a] Error 2
make: *** [all] Error 1
